<?xml version="1.0" encoding="UTF-8"?>
<!-- Generated by org.testng.reporters.JUnitXMLReporter -->
<testsuite ignored="0" hostname="home-laptop" failures="0" tests="9" name="Test" time="25.557" errors="0" timestamp="2023-08-09T23:30:01 IST">
  <testcase classname="com.thecatapi.imagesapitests.TC_GetImages" name="TC01_getImages" time="4.257"/>
  <testcase classname="com.thecatapi.imagesapitests.TC_GetImages" name="TC02_shouldNotReturnMoreThan10Images" time="0.637"/>
  <testcase classname="com.thecatapi.imagesapitests.TC_GetImages" name="TC03_shouldReturnMoreThan10Images" time="2.502"/>
  <testcase classname="com.thecatapi.imagesapitests.TC_GetImageById" name="TC04_shouldReturnImg" time="3.183"/>
  <testcase classname="com.thecatapi.imagesapitests.TC_GetImageById" name="TC05_shouldNotReturnImg" time="0.58"/>
  <testcase classname="com.thecatapi.imagesapitests.TC_UploadImage" name="TC06_shouldAbleToUploadImage" time="8.812"/>
  <testcase classname="com.thecatapi.imagesapitests.TC_UploadImage" name="TC07_shouldNotAbleToUploadImage" time="3.816"/>
  <testcase classname="com.thecatapi.imagesapitests.TC_GetUploadedImage" name="TC08_getUploadedImage" time="0.835"/>
  <testcase classname="com.thecatapi.imagesapitests.TC_DeleteImage" name="TC09_deleteImageById" time="0.747"/>
</testsuite> <!-- Test -->
