<?xml version="1.0" encoding="UTF-8"?>
<testng-results ignored="0" total="9" passed="9" failed="0" skipped="0">
  <reporter-output>
  </reporter-output>
  <suite started-at="2023-08-09T23:29:35 IST" name="Suite" finished-at="2023-08-09T23:30:01 IST" duration-ms="25557">
    <groups>
    </groups>
    <test started-at="2023-08-09T23:29:35 IST" name="Test" finished-at="2023-08-09T23:30:01 IST" duration-ms="25557">
      <class name="com.thecatapi.imagesapitests.TC_GetUploadedImage">
        <test-method signature="TC08_getUploadedImage(org.testng.ITestContext)[pri:0, instance:com.thecatapi.imagesapitests.TC_GetUploadedImage@5c909414]" started-at="2023-08-09T23:29:59 IST" name="TC08_getUploadedImage" description="Test should return uploaded image" finished-at="2023-08-09T23:30:00 IST" duration-ms="835" status="PASS">
          <params>
            <param index="0">
              <value>
                <![CDATA[org.testng.TestRunner@55183b20]]>
              </value>
            </param>
          </params>
          <reporter-output>
          </reporter-output>
        </test-method> <!-- TC08_getUploadedImage -->
      </class> <!-- com.thecatapi.imagesapitests.TC_GetUploadedImage -->
      <class name="com.thecatapi.imagesapitests.TC_GetImageById">
        <test-method signature="TC04_shouldReturnImg(org.testng.ITestContext)[pri:0, instance:com.thecatapi.imagesapitests.TC_GetImageById@5cee5251]" started-at="2023-08-09T23:29:43 IST" name="TC04_shouldReturnImg" description="Test with correct image ID" finished-at="2023-08-09T23:29:46 IST" duration-ms="3183" status="PASS">
          <params>
            <param index="0">
              <value>
                <![CDATA[org.testng.TestRunner@55183b20]]>
              </value>
            </param>
          </params>
          <reporter-output>
          </reporter-output>
        </test-method> <!-- TC04_shouldReturnImg -->
        <test-method signature="TC05_shouldNotReturnImg()[pri:0, instance:com.thecatapi.imagesapitests.TC_GetImageById@5cee5251]" started-at="2023-08-09T23:29:46 IST" name="TC05_shouldNotReturnImg" description="Test with incorrect image ID" finished-at="2023-08-09T23:29:47 IST" duration-ms="580" status="PASS">
          <reporter-output>
          </reporter-output>
        </test-method> <!-- TC05_shouldNotReturnImg -->
      </class> <!-- com.thecatapi.imagesapitests.TC_GetImageById -->
      <class name="com.thecatapi.imagesapitests.TC_UploadImage">
        <test-method signature="TC06_shouldAbleToUploadImage(org.testng.ITestContext)[pri:0, instance:com.thecatapi.imagesapitests.TC_UploadImage@433d61fb]" started-at="2023-08-09T23:29:47 IST" name="TC06_shouldAbleToUploadImage" description="Test with vaild cat image" finished-at="2023-08-09T23:29:56 IST" duration-ms="8812" status="PASS">
          <params>
            <param index="0">
              <value>
                <![CDATA[org.testng.TestRunner@55183b20]]>
              </value>
            </param>
          </params>
          <reporter-output>
          </reporter-output>
        </test-method> <!-- TC06_shouldAbleToUploadImage -->
        <test-method signature="TC07_shouldNotAbleToUploadImage()[pri:0, instance:com.thecatapi.imagesapitests.TC_UploadImage@433d61fb]" started-at="2023-08-09T23:29:56 IST" name="TC07_shouldNotAbleToUploadImage" description="Test with invalid image" finished-at="2023-08-09T23:29:59 IST" duration-ms="3816" status="PASS">
          <reporter-output>
          </reporter-output>
        </test-method> <!-- TC07_shouldNotAbleToUploadImage -->
      </class> <!-- com.thecatapi.imagesapitests.TC_UploadImage -->
      <class name="com.thecatapi.imagesapitests.TC_GetImages">
        <test-method signature="TC01_getImages(org.testng.ITestContext)[pri:0, instance:com.thecatapi.imagesapitests.TC_GetImages@1f3f4916]" started-at="2023-08-09T23:29:36 IST" name="TC01_getImages" description="Test without api-key, should return image" finished-at="2023-08-09T23:29:40 IST" duration-ms="4257" status="PASS">
          <params>
            <param index="0">
              <value>
                <![CDATA[org.testng.TestRunner@55183b20]]>
              </value>
            </param>
          </params>
          <reporter-output>
          </reporter-output>
        </test-method> <!-- TC01_getImages -->
        <test-method signature="TC02_shouldNotReturnMoreThan10Images()[pri:0, instance:com.thecatapi.imagesapitests.TC_GetImages@1f3f4916]" started-at="2023-08-09T23:29:40 IST" name="TC02_shouldNotReturnMoreThan10Images" description="Test with limit parameter and without api-key parameter, should not return more than 10 images" finished-at="2023-08-09T23:29:40 IST" duration-ms="637" status="PASS">
          <reporter-output>
          </reporter-output>
        </test-method> <!-- TC02_shouldNotReturnMoreThan10Images -->
        <test-method signature="TC03_shouldReturnMoreThan10Images()[pri:0, instance:com.thecatapi.imagesapitests.TC_GetImages@1f3f4916]" started-at="2023-08-09T23:29:40 IST" name="TC03_shouldReturnMoreThan10Images" description="Test with limit and api-key parameter, should return more than 10 images" finished-at="2023-08-09T23:29:43 IST" duration-ms="2502" status="PASS">
          <reporter-output>
          </reporter-output>
        </test-method> <!-- TC03_shouldReturnMoreThan10Images -->
      </class> <!-- com.thecatapi.imagesapitests.TC_GetImages -->
      <class name="com.thecatapi.imagesapitests.TC_DeleteImage">
        <test-method signature="TC09_deleteImageById(org.testng.ITestContext)[pri:0, instance:com.thecatapi.imagesapitests.TC_DeleteImage@4b14c583]" started-at="2023-08-09T23:30:00 IST" name="TC09_deleteImageById" description="Test should delete image" finished-at="2023-08-09T23:30:01 IST" duration-ms="747" status="PASS">
          <params>
            <param index="0">
              <value>
                <![CDATA[org.testng.TestRunner@55183b20]]>
              </value>
            </param>
          </params>
          <reporter-output>
          </reporter-output>
        </test-method> <!-- TC09_deleteImageById -->
      </class> <!-- com.thecatapi.imagesapitests.TC_DeleteImage -->
    </test> <!-- Test -->
  </suite> <!-- Suite -->
</testng-results>
