<?xml version="1.0" encoding="UTF-8"?>
<testsuite xmlns:xsi="http://www.w3.org/2001/XMLSchema-instance" xsi:noNamespaceSchemaLocation="https://maven.apache.org/surefire/maven-surefire-plugin/xsd/surefire-test-report-3.0.xsd" version="3.0" name="TestSuite" time="26.843" tests="9" errors="0" skipped="0" failures="0">
  <properties>
[...]
</properties>
  <testcase name="TC01_getImages[org.testng.TestRunner@55183b20](1)" classname="com.thecatapi.imagesapitests.TC_GetImages" time="4.468">
    <system-out><![CDATA[Request method:	GET
Request URI:	https://api.thecatapi.com/v1/images/search
Proxy:			<none>
Request params:	<none>
Query params:	<none>
Form params:	<none>
Path params:	<none>
Headers:		Accept=*/*
				Content-Type=application/json
Cookies:		<none>
Multiparts:		<none>
Body:			<none>
HTTP/1.1 200 OK
x-dns-prefetch-control: off
x-frame-options: SAMEORIGIN
strict-transport-security: max-age=15552000; includeSubDomains
x-download-options: noopen
x-content-type-options: nosniff
x-xss-protection: 1; mode=block
vary: Origin
expires: Tue, 03 Jul 2001 06:00:00 GMT
last-modified: Wed Aug 09 2023 17:59:41 GMT+0000 (Coordinated Universal Time)
cache-control: post-check=0, pre-check=0
authenticated: false
content-type: application/json; charset=utf-8
x-response-time: 1ms
X-Cloud-Trace-Context: 8d982fd4816bd3964efd1582eade27d7
Date: Wed, 09 Aug 2023 17:59:41 GMT
Server: Google Frontend
Content-Length: 102

[
    {
        "id": "R68eywp-W",
        "url": "https://cdn2.thecatapi.com/images/R68eywp-W.jpg",
        "width": 1024,
        "height": 768
    }
]
HTTP/1.1 200 OK
x-dns-prefetch-control: off
x-frame-options: SAMEORIGIN
strict-transport-security: max-age=15552000; includeSubDomains
x-download-options: noopen
x-content-type-options: nosniff
x-xss-protection: 1; mode=block
vary: Origin
expires: Tue, 03 Jul 2001 06:00:00 GMT
last-modified: Wed Aug 09 2023 17:59:41 GMT+0000 (Coordinated Universal Time)
cache-control: post-check=0, pre-check=0
authenticated: false
content-type: application/json; charset=utf-8
x-response-time: 1ms
X-Cloud-Trace-Context: 8d982fd4816bd3964efd1582eade27d7
Date: Wed, 09 Aug 2023 17:59:41 GMT
Server: Google Frontend
Content-Length: 102

[
    {
        "id": "R68eywp-W",
        "url": "https://cdn2.thecatapi.com/images/R68eywp-W.jpg",
        "width": 1024,
        "height": 768
    }
]
]]></system-out>
    <system-err><![CDATA[SLF4J: Failed to load class "org.slf4j.impl.StaticLoggerBinder".
SLF4J: Defaulting to no-operation (NOP) logger implementation
SLF4J: See http://www.slf4j.org/codes.html#StaticLoggerBinder for further details.
]]></system-err>
  </testcase>
  <testcase name="TC02_shouldNotReturnMoreThan10Images" classname="com.thecatapi.imagesapitests.TC_GetImages" time="0.443">
    <system-out><![CDATA[Request method:	GET
Request URI:	https://api.thecatapi.com/v1/images/search?limit=11
Proxy:			<none>
Request params:	<none>
Query params:	limit=11
Form params:	<none>
Path params:	<none>
Headers:		Accept=*/*
				Content-Type=application/json
Cookies:		<none>
Multiparts:		<none>
Body:			<none>
HTTP/1.1 200 OK
x-dns-prefetch-control: off
x-frame-options: SAMEORIGIN
strict-transport-security: max-age=15552000; includeSubDomains
x-download-options: noopen
x-content-type-options: nosniff
x-xss-protection: 1; mode=block
vary: Origin
expires: Tue, 03 Jul 2001 06:00:00 GMT
last-modified: Wed Aug 09 2023 17:59:42 GMT+0000 (Coordinated Universal Time)
cache-control: post-check=0, pre-check=0
authenticated: false
content-type: application/json; charset=utf-8
x-response-time: 64ms
X-Cloud-Trace-Context: 4b38391048b17c14796d7f97e4f2fe1f
Date: Wed, 09 Aug 2023 17:59:42 GMT
Server: Google Frontend
Content-Length: 923

[
    {
        "id": "473",
        "url": "https://cdn2.thecatapi.com/images/473.jpg",
        "width": 900,
        "height": 600
    },
    {
        "id": "67v",
        "url": "https://cdn2.thecatapi.com/images/67v.jpg",
        "width": 400,
        "height": 400
    },
    {
        "id": "bhq",
        "url": "https://cdn2.thecatapi.com/images/bhq.jpg",
        "width": 500,
        "height": 333
    },
    {
        "id": "cid",
        "url": "https://cdn2.thecatapi.com/images/cid.jpg",
        "width": 500,
        "height": 332
    },
    {
        "id": "cp0",
        "url": "https://cdn2.thecatapi.com/images/cp0.jpg",
        "width": 640,
        "height": 480
    },
    {
        "id": "dum",
        "url": "https://cdn2.thecatapi.com/images/dum.jpg",
        "width": 738,
        "height": 539
    },
    {
        "id": "eid",
        "url": "https://cdn2.thecatapi.com/images/eid.jpg",
        "width": 608,
        "height": 454
    },
    {
        "id": "MTQ5OTg1Mw",
        "url": "https://cdn2.thecatapi.com/images/MTQ5OTg1Mw.jpg",
        "width": 602,
        "height": 900
    },
    {
        "id": "MTgwNzUxNg",
        "url": "https://cdn2.thecatapi.com/images/MTgwNzUxNg.jpg",
        "width": 720,
        "height": 540
    },
    {
        "id": "iY76694gN",
        "url": "https://cdn2.thecatapi.com/images/iY76694gN.jpg",
        "width": 1600,
        "height": 1200
    }
]
HTTP/1.1 200 OK
x-dns-prefetch-control: off
x-frame-options: SAMEORIGIN
strict-transport-security: max-age=15552000; includeSubDomains
x-download-options: noopen
x-content-type-options: nosniff
x-xss-protection: 1; mode=block
vary: Origin
expires: Tue, 03 Jul 2001 06:00:00 GMT
last-modified: Wed Aug 09 2023 17:59:42 GMT+0000 (Coordinated Universal Time)
cache-control: post-check=0, pre-check=0
authenticated: false
content-type: application/json; charset=utf-8
x-response-time: 64ms
X-Cloud-Trace-Context: 4b38391048b17c14796d7f97e4f2fe1f
Date: Wed, 09 Aug 2023 17:59:42 GMT
Server: Google Frontend
Content-Length: 923

[
    {
        "id": "473",
        "url": "https://cdn2.thecatapi.com/images/473.jpg",
        "width": 900,
        "height": 600
    },
    {
        "id": "67v",
        "url": "https://cdn2.thecatapi.com/images/67v.jpg",
        "width": 400,
        "height": 400
    },
    {
        "id": "bhq",
        "url": "https://cdn2.thecatapi.com/images/bhq.jpg",
        "width": 500,
        "height": 333
    },
    {
        "id": "cid",
        "url": "https://cdn2.thecatapi.com/images/cid.jpg",
        "width": 500,
        "height": 332
    },
    {
        "id": "cp0",
        "url": "https://cdn2.thecatapi.com/images/cp0.jpg",
        "width": 640,
        "height": 480
    },
    {
        "id": "dum",
        "url": "https://cdn2.thecatapi.com/images/dum.jpg",
        "width": 738,
        "height": 539
    },
    {
        "id": "eid",
        "url": "https://cdn2.thecatapi.com/images/eid.jpg",
        "width": 608,
        "height": 454
    },
    {
        "id": "MTQ5OTg1Mw",
        "url": "https://cdn2.thecatapi.com/images/MTQ5OTg1Mw.jpg",
        "width": 602,
        "height": 900
    },
    {
        "id": "MTgwNzUxNg",
        "url": "https://cdn2.thecatapi.com/images/MTgwNzUxNg.jpg",
        "width": 720,
        "height": 540
    },
    {
        "id": "iY76694gN",
        "url": "https://cdn2.thecatapi.com/images/iY76694gN.jpg",
        "width": 1600,
        "height": 1200
    }
]
]]></system-out>
  </testcase>
  <testcase name="TC03_shouldReturnMoreThan10Images" classname="com.thecatapi.imagesapitests.TC_GetImages" time="2.535">
    <system-out><![CDATA[Request method:	GET
Request URI:	https://api.thecatapi.com/v1/images/search?limit=15
Proxy:			<none>
Request params:	<none>
Query params:	limit=15
Form params:	<none>
Path params:	<none>
Headers:		x-api-key=live_8HIFggSSZnGVuSHWbHYz7f3eN7CJEMPJccpPMyhd9PgfGRkyFrRtGiseDQ4ioJmu
				Accept=*/*
				Content-Type=application/json
Cookies:		<none>
Multiparts:		<none>
Body:			<none>
HTTP/1.1 200 OK
x-dns-prefetch-control: off
x-frame-options: SAMEORIGIN
strict-transport-security: max-age=15552000; includeSubDomains
x-download-options: noopen
x-content-type-options: nosniff
x-xss-protection: 1; mode=block
vary: Origin
retry-after-seconds: 60
ratelimit-limit: 120
ratelimit-remaining: 119
ratelimit-consumed: 1
ratelimit-reset: 2023-08-09T18:00:42.959Z
expires: Tue, 03 Jul 2001 06:00:00 GMT
last-modified: Wed Aug 09 2023 17:59:43 GMT+0000 (Coordinated Universal Time)
cache-control: post-check=0, pre-check=0
authenticated: true
pagination-count: 8055
pagination-page: 0
pagination-limit: 15
access-control-expose-headers: Pagination-Count, Pagination-Page, Pagination-Limit
content-type: application/json; charset=utf-8
x-response-time: 2007ms
X-Cloud-Trace-Context: e9db492495ac959ae703c53bc0deb97a
Date: Wed, 09 Aug 2023 17:59:44 GMT
Server: Google Frontend
Content-Length: 2582

[
    {
        "breeds": [
            
        ],
        "categories": [
            {
                "id": 3,
                "name": "funny"
            }
        ],
        "id": "14k",
        "url": "https://cdn2.thecatapi.com/images/14k.gif",
        "width": 340,
        "height": 219
    },
    {
        "breeds": [
            
        ],
        "id": "28t",
        "url": "https://cdn2.thecatapi.com/images/28t.png",
        "width": 400,
        "height": 262
    },
    {
        "breeds": [
            
        ],
        "id": "3hu",
        "url": "https://cdn2.thecatapi.com/images/3hu.jpg",
        "width": 858,
        "height": 536
    },
    {
        "breeds": [
            
        ],
        "id": "4b0",
        "url": "https://cdn2.thecatapi.com/images/4b0.gif",
        "width": 270,
        "height": 203
    },
    {
        "breeds": [
            
        ],
        "id": "9r5",
        "url": "https://cdn2.thecatapi.com/images/9r5.jpg",
        "width": 500,
        "height": 375
    },
    {
        "breeds": [
            
        ],
        "id": "9t1",
        "url": "https://cdn2.thecatapi.com/images/9t1.jpg",
        "width": 333,
        "height": 500
    },
    {
        "breeds": [
            
        ],
        "id": "a4q",
        "url": "https://cdn2.thecatapi.com/images/a4q.jpg",
        "width": 500,
        "height": 331
    },
    {
        "breeds": [
            
        ],
        "id": "bg6",
        "url": "https://cdn2.thecatapi.com/images/bg6.jpg",
        "width": 500,
        "height": 333
    },
    {
        "breeds": [
            
        ],
        "id": "d5q",
        "url": "https://cdn2.thecatapi.com/images/d5q.jpg",
        "width": 520,
        "height": 342
    },
    {
        "breeds": [
            
        ],
        "id": "dmf",
        "url": "https://cdn2.thecatapi.com/images/dmf.jpg",
        "width": 694,
        "height": 693
    },
    {
        "breeds": [
            
        ],
        "id": "MTY3MTU4Mw",
        "url": "https://cdn2.thecatapi.com/images/MTY3MTU4Mw.jpg",
        "width": 4272,
        "height": 2848
    },
    {
        "breeds": [
            
        ],
        "id": "MTY4MDEyOA",
        "url": "https://cdn2.thecatapi.com/images/MTY4MDEyOA.jpg",
        "width": 500,
        "height": 331
    },
    {
        "breeds": [
            
        ],
        "id": "MTgyNTkyNw",
        "url": "https://cdn2.thecatapi.com/images/MTgyNTkyNw.jpg",
        "width": 768,
        "height": 1024
    },
    {
        "breeds": [
            
        ],
        "id": "MTk5Mzc4Mw",
        "url": "https://cdn2.thecatapi.com/images/MTk5Mzc4Mw.jpg",
        "width": 590,
        "height": 648
    },
    {
        "breeds": [
            {
                "weight": {
                    "imperial": "7 - 11",
                    "metric": "3 - 5"
                },
                "id": "nebe",
                "name": "Nebelung",
                "temperament": "Gentle, Quiet, Shy, Playful",
                "origin": "United States",
                "country_codes": "US",
                "country_code": "US",
                "description": "The Nebelung may have a reserved nature, but she loves to play (being especially fond of retrieving) and enjoys jumping or climbing to high places where she can study people and situations at her leisure before making up her mind about whether she wants to get involved.",
                "life_span": "11 - 16",
                "indoor": 0,
                "lap": 1,
                "alt_names": "Longhaired Russian Blue",
                "adaptability": 5,
                "affection_level": 5,
                "child_friendly": 4,
                "dog_friendly": 4,
                "energy_level": 3,
                "grooming": 3,
                "health_issues": 2,
                "intelligence": 5,
                "shedding_level": 3,
                "social_needs": 3,
                "stranger_friendly": 3,
                "vocalisation": 1,
                "experimental": 0,
                "hairless": 0,
                "natural": 0,
                "rare": 1,
                "rex": 0,
                "suppressed_tail": 0,
                "short_legs": 0,
                "wikipedia_url": "https://en.wikipedia.org/wiki/Nebelung",
                "hypoallergenic": 0,
                "reference_image_id": "OGTWqNNOt"
            }
        ],
        "id": "FotU1pOJT",
        "url": "https://cdn2.thecatapi.com/images/FotU1pOJT.jpg",
        "width": 956,
        "height": 959
    }
]
HTTP/1.1 200 OK
x-dns-prefetch-control: off
x-frame-options: SAMEORIGIN
strict-transport-security: max-age=15552000; includeSubDomains
x-download-options: noopen
x-content-type-options: nosniff
x-xss-protection: 1; mode=block
vary: Origin
retry-after-seconds: 60
ratelimit-limit: 120
ratelimit-remaining: 119
ratelimit-consumed: 1
ratelimit-reset: 2023-08-09T18:00:42.959Z
expires: Tue, 03 Jul 2001 06:00:00 GMT
last-modified: Wed Aug 09 2023 17:59:43 GMT+0000 (Coordinated Universal Time)
cache-control: post-check=0, pre-check=0
authenticated: true
pagination-count: 8055
pagination-page: 0
pagination-limit: 15
access-control-expose-headers: Pagination-Count, Pagination-Page, Pagination-Limit
content-type: application/json; charset=utf-8
x-response-time: 2007ms
X-Cloud-Trace-Context: e9db492495ac959ae703c53bc0deb97a
Date: Wed, 09 Aug 2023 17:59:44 GMT
Server: Google Frontend
Content-Length: 2582

[
    {
        "breeds": [
            
        ],
        "categories": [
            {
                "id": 3,
                "name": "funny"
            }
        ],
        "id": "14k",
        "url": "https://cdn2.thecatapi.com/images/14k.gif",
        "width": 340,
        "height": 219
    },
    {
        "breeds": [
            
        ],
        "id": "28t",
        "url": "https://cdn2.thecatapi.com/images/28t.png",
        "width": 400,
        "height": 262
    },
    {
        "breeds": [
            
        ],
        "id": "3hu",
        "url": "https://cdn2.thecatapi.com/images/3hu.jpg",
        "width": 858,
        "height": 536
    },
    {
        "breeds": [
            
        ],
        "id": "4b0",
        "url": "https://cdn2.thecatapi.com/images/4b0.gif",
        "width": 270,
        "height": 203
    },
    {
        "breeds": [
            
        ],
        "id": "9r5",
        "url": "https://cdn2.thecatapi.com/images/9r5.jpg",
        "width": 500,
        "height": 375
    },
    {
        "breeds": [
            
        ],
        "id": "9t1",
        "url": "https://cdn2.thecatapi.com/images/9t1.jpg",
        "width": 333,
        "height": 500
    },
    {
        "breeds": [
            
        ],
        "id": "a4q",
        "url": "https://cdn2.thecatapi.com/images/a4q.jpg",
        "width": 500,
        "height": 331
    },
    {
        "breeds": [
            
        ],
        "id": "bg6",
        "url": "https://cdn2.thecatapi.com/images/bg6.jpg",
        "width": 500,
        "height": 333
    },
    {
        "breeds": [
            
        ],
        "id": "d5q",
        "url": "https://cdn2.thecatapi.com/images/d5q.jpg",
        "width": 520,
        "height": 342
    },
    {
        "breeds": [
            
        ],
        "id": "dmf",
        "url": "https://cdn2.thecatapi.com/images/dmf.jpg",
        "width": 694,
        "height": 693
    },
    {
        "breeds": [
            
        ],
        "id": "MTY3MTU4Mw",
        "url": "https://cdn2.thecatapi.com/images/MTY3MTU4Mw.jpg",
        "width": 4272,
        "height": 2848
    },
    {
        "breeds": [
            
        ],
        "id": "MTY4MDEyOA",
        "url": "https://cdn2.thecatapi.com/images/MTY4MDEyOA.jpg",
        "width": 500,
        "height": 331
    },
    {
        "breeds": [
            
        ],
        "id": "MTgyNTkyNw",
        "url": "https://cdn2.thecatapi.com/images/MTgyNTkyNw.jpg",
        "width": 768,
        "height": 1024
    },
    {
        "breeds": [
            
        ],
        "id": "MTk5Mzc4Mw",
        "url": "https://cdn2.thecatapi.com/images/MTk5Mzc4Mw.jpg",
        "width": 590,
        "height": 648
    },
    {
        "breeds": [
            {
                "weight": {
                    "imperial": "7 - 11",
                    "metric": "3 - 5"
                },
                "id": "nebe",
                "name": "Nebelung",
                "temperament": "Gentle, Quiet, Shy, Playful",
                "origin": "United States",
                "country_codes": "US",
                "country_code": "US",
                "description": "The Nebelung may have a reserved nature, but she loves to play (being especially fond of retrieving) and enjoys jumping or climbing to high places where she can study people and situations at her leisure before making up her mind about whether she wants to get involved.",
                "life_span": "11 - 16",
                "indoor": 0,
                "lap": 1,
                "alt_names": "Longhaired Russian Blue",
                "adaptability": 5,
                "affection_level": 5,
                "child_friendly": 4,
                "dog_friendly": 4,
                "energy_level": 3,
                "grooming": 3,
                "health_issues": 2,
                "intelligence": 5,
                "shedding_level": 3,
                "social_needs": 3,
                "stranger_friendly": 3,
                "vocalisation": 1,
                "experimental": 0,
                "hairless": 0,
                "natural": 0,
                "rare": 1,
                "rex": 0,
                "suppressed_tail": 0,
                "short_legs": 0,
                "wikipedia_url": "https://en.wikipedia.org/wiki/Nebelung",
                "hypoallergenic": 0,
                "reference_image_id": "OGTWqNNOt"
            }
        ],
        "id": "FotU1pOJT",
        "url": "https://cdn2.thecatapi.com/images/FotU1pOJT.jpg",
        "width": 956,
        "height": 959
    }
]
]]></system-out>
  </testcase>
  <testcase name="TC04_shouldReturnImg[org.testng.TestRunner@55183b20](1)" classname="com.thecatapi.imagesapitests.TC_GetImageById" time="3.154">
    <system-out><![CDATA[Request method:	GET
Request URI:	https://api.thecatapi.com/v1/images/R68eywp-W
Proxy:			<none>
Request params:	<none>
Query params:	<none>
Form params:	<none>
Path params:	img_id=R68eywp-W
Headers:		x-api-key=live_8HIFggSSZnGVuSHWbHYz7f3eN7CJEMPJccpPMyhd9PgfGRkyFrRtGiseDQ4ioJmu
				Accept=*/*
				Content-Type=application/json
Cookies:		<none>
Multiparts:		<none>
Body:			<none>
HTTP/1.1 200 OK
x-dns-prefetch-control: off
x-frame-options: SAMEORIGIN
strict-transport-security: max-age=15552000; includeSubDomains
x-download-options: noopen
x-content-type-options: nosniff
x-xss-protection: 1; mode=block
vary: Origin
retry-after-seconds: 57.429
ratelimit-limit: 120
ratelimit-remaining: 118
ratelimit-consumed: 2
ratelimit-reset: 2023-08-09T18:00:42.964Z
content-type: application/json; charset=utf-8
x-response-time: 167ms
X-Cloud-Trace-Context: 702f3790382bd9f4d5c0f5b89714d9f3
Date: Wed, 09 Aug 2023 17:59:45 GMT
Server: Google Frontend
Content-Length: 1526

{
    "id": "R68eywp-W",
    "url": "https://cdn2.thecatapi.com/images/R68eywp-W.jpg",
    "breeds": [
        {
            "weight": {
                "imperial": "5 - 10",
                "metric": "2 - 5"
            },
            "id": "jbob",
            "name": "Japanese Bobtail",
            "cfa_url": "http://cfa.org/Breeds/BreedsCJ/JapaneseBobtail.aspx",
            "vetstreet_url": "http://www.vetstreet.com/cats/japanese-bobtail",
            "vcahospitals_url": "https://vcahospitals.com/know-your-pet/cat-breeds/japanese-bobtail",
            "temperament": "Active, Agile, Clever, Easy Going, Intelligent, Lively, Loyal, Playful, Social",
            "origin": "Japan",
            "country_codes": "JP",
            "country_code": "JP",
            "description": "The Japanese Bobtail is an active, sweet, loving and highly intelligent breed. They love to be with people and play seemingly endlessly. They learn their name and respond to it. They bring toys to people and play fetch with a favorite toy for hours. Bobtails are social and are at their best when in the company of people. They take over the house and are not intimidated. If a dog is in the house, Bobtails assume Bobtails are in charge.",
            "life_span": "14 - 16",
            "indoor": 0,
            "lap": 1,
            "alt_names": "Japanese Truncated Cat",
            "adaptability": 5,
            "affection_level": 5,
            "child_friendly": 4,
            "dog_friendly": 5,
            "energy_level": 5,
            "grooming": 1,
            "health_issues": 1,
            "intelligence": 5,
            "shedding_level": 3,
            "social_needs": 5,
            "stranger_friendly": 5,
            "vocalisation": 5,
            "experimental": 0,
            "hairless": 0,
            "natural": 1,
            "rare": 0,
            "rex": 0,
            "suppressed_tail": 1,
            "short_legs": 0,
            "wikipedia_url": "https://en.wikipedia.org/wiki/Japanese_Bobtail",
            "hypoallergenic": 0,
            "reference_image_id": "-tm9-znzl"
        }
    ],
    "width": 1024,
    "height": 768
}
HTTP/1.1 200 OK
x-dns-prefetch-control: off
x-frame-options: SAMEORIGIN
strict-transport-security: max-age=15552000; includeSubDomains
x-download-options: noopen
x-content-type-options: nosniff
x-xss-protection: 1; mode=block
vary: Origin
retry-after-seconds: 57.429
ratelimit-limit: 120
ratelimit-remaining: 118
ratelimit-consumed: 2
ratelimit-reset: 2023-08-09T18:00:42.964Z
content-type: application/json; charset=utf-8
x-response-time: 167ms
X-Cloud-Trace-Context: 702f3790382bd9f4d5c0f5b89714d9f3
Date: Wed, 09 Aug 2023 17:59:45 GMT
Server: Google Frontend
Content-Length: 1526

{
    "id": "R68eywp-W",
    "url": "https://cdn2.thecatapi.com/images/R68eywp-W.jpg",
    "breeds": [
        {
            "weight": {
                "imperial": "5 - 10",
                "metric": "2 - 5"
            },
            "id": "jbob",
            "name": "Japanese Bobtail",
            "cfa_url": "http://cfa.org/Breeds/BreedsCJ/JapaneseBobtail.aspx",
            "vetstreet_url": "http://www.vetstreet.com/cats/japanese-bobtail",
            "vcahospitals_url": "https://vcahospitals.com/know-your-pet/cat-breeds/japanese-bobtail",
            "temperament": "Active, Agile, Clever, Easy Going, Intelligent, Lively, Loyal, Playful, Social",
            "origin": "Japan",
            "country_codes": "JP",
            "country_code": "JP",
            "description": "The Japanese Bobtail is an active, sweet, loving and highly intelligent breed. They love to be with people and play seemingly endlessly. They learn their name and respond to it. They bring toys to people and play fetch with a favorite toy for hours. Bobtails are social and are at their best when in the company of people. They take over the house and are not intimidated. If a dog is in the house, Bobtails assume Bobtails are in charge.",
            "life_span": "14 - 16",
            "indoor": 0,
            "lap": 1,
            "alt_names": "Japanese Truncated Cat",
            "adaptability": 5,
            "affection_level": 5,
            "child_friendly": 4,
            "dog_friendly": 5,
            "energy_level": 5,
            "grooming": 1,
            "health_issues": 1,
            "intelligence": 5,
            "shedding_level": 3,
            "social_needs": 5,
            "stranger_friendly": 5,
            "vocalisation": 5,
            "experimental": 0,
            "hairless": 0,
            "natural": 1,
            "rare": 0,
            "rex": 0,
            "suppressed_tail": 1,
            "short_legs": 0,
            "wikipedia_url": "https://en.wikipedia.org/wiki/Japanese_Bobtail",
            "hypoallergenic": 0,
            "reference_image_id": "-tm9-znzl"
        }
    ],
    "width": 1024,
    "height": 768
}
]]></system-out>
  </testcase>
  <testcase name="TC05_shouldNotReturnImg" classname="com.thecatapi.imagesapitests.TC_GetImageById" time="0.762">
    <system-out><![CDATA[Request method:	GET
Request URI:	https://api.thecatapi.com/v1/images/R68eywp-WAbc
Proxy:			<none>
Request params:	<none>
Query params:	<none>
Form params:	<none>
Path params:	img_id=R68eywp-WAbc
Headers:		x-api-key=live_8HIFggSSZnGVuSHWbHYz7f3eN7CJEMPJccpPMyhd9PgfGRkyFrRtGiseDQ4ioJmu
				Accept=*/*
				Content-Type=application/json
Cookies:		<none>
Multiparts:		<none>
Body:			<none>
HTTP/1.1 400 Bad Request
content-type: text/plain; charset=utf-8
X-Cloud-Trace-Context: 94c3a1cd7118bb206a1c3417fba480fa
Date: Wed, 09 Aug 2023 17:59:48 GMT
Server: Google Frontend
Content-Length: 63

Couldn't find an image matching the passed 'id' of R68eywp-WAbc
HTTP/1.1 400 Bad Request
content-type: text/plain; charset=utf-8
X-Cloud-Trace-Context: 94c3a1cd7118bb206a1c3417fba480fa
Date: Wed, 09 Aug 2023 17:59:48 GMT
Server: Google Frontend
Content-Length: 63

Couldn't find an image matching the passed 'id' of R68eywp-WAbc
]]></system-out>
  </testcase>
  <testcase name="TC06_shouldAbleToUploadImage[org.testng.TestRunner@55183b20](1)" classname="com.thecatapi.imagesapitests.TC_UploadImage" time="8.671">
    <system-out><![CDATA[Request method:	POST
Request URI:	https://api.thecatapi.com/v1/images/upload
Proxy:			<none>
Request params:	<none>
Query params:	<none>
Form params:	sub_id=my_cat_upload
Path params:	<none>
Headers:		x-api-key=live_8HIFggSSZnGVuSHWbHYz7f3eN7CJEMPJccpPMyhd9PgfGRkyFrRtGiseDQ4ioJmu
				Accept=*/*
				Content-Type=multipart/form-data
Cookies:		<none>
Multiparts:		------------
				Content-Disposition: form-data; name = file; filename = cat.jpg
				Content-Type: image/png

				A:\ApiTestingProjects\thecatapi\src\test\resources\images\cat.jpg
Body:			<none>
HTTP/1.1 201 Created
x-dns-prefetch-control: off
x-frame-options: SAMEORIGIN
strict-transport-security: max-age=15552000; includeSubDomains
x-download-options: noopen
x-content-type-options: nosniff
x-xss-protection: 1; mode=block
vary: Origin
retry-after-seconds: 51.75
ratelimit-limit: 120
ratelimit-remaining: 116
ratelimit-consumed: 4
ratelimit-reset: 2023-08-09T18:00:42.958Z
content-type: application/json; charset=utf-8
x-response-time: 6286ms
X-Cloud-Trace-Context: 2a0b338167f87ba524ac35c0fe3c2f4f
Date: Wed, 09 Aug 2023 17:59:57 GMT
Server: Google Frontend
Content-Length: 181

{
    "id": "nkKI3Vm4r",
    "url": "https://cdn2.thecatapi.com/images/nkKI3Vm4r.png",
    "sub_id": "my_cat_upload",
    "width": 4000,
    "height": 6000,
    "original_filename": "cat.jpg",
    "pending": 0,
    "approved": 1
}
HTTP/1.1 201 Created
x-dns-prefetch-control: off
x-frame-options: SAMEORIGIN
strict-transport-security: max-age=15552000; includeSubDomains
x-download-options: noopen
x-content-type-options: nosniff
x-xss-protection: 1; mode=block
vary: Origin
retry-after-seconds: 51.75
ratelimit-limit: 120
ratelimit-remaining: 116
ratelimit-consumed: 4
ratelimit-reset: 2023-08-09T18:00:42.958Z
content-type: application/json; charset=utf-8
x-response-time: 6286ms
X-Cloud-Trace-Context: 2a0b338167f87ba524ac35c0fe3c2f4f
Date: Wed, 09 Aug 2023 17:59:57 GMT
Server: Google Frontend
Content-Length: 181

{
    "id": "nkKI3Vm4r",
    "url": "https://cdn2.thecatapi.com/images/nkKI3Vm4r.png",
    "sub_id": "my_cat_upload",
    "width": 4000,
    "height": 6000,
    "original_filename": "cat.jpg",
    "pending": 0,
    "approved": 1
}
]]></system-out>
  </testcase>
  <testcase name="TC07_shouldNotAbleToUploadImage" classname="com.thecatapi.imagesapitests.TC_UploadImage" time="3.891">
    <system-out><![CDATA[Request method:	POST
Request URI:	https://api.thecatapi.com/v1/images/upload
Proxy:			<none>
Request params:	<none>
Query params:	<none>
Form params:	sub_id=my_dog_upload
Path params:	<none>
Headers:		x-api-key=live_8HIFggSSZnGVuSHWbHYz7f3eN7CJEMPJccpPMyhd9PgfGRkyFrRtGiseDQ4ioJmu
				Accept=*/*
				Content-Type=multipart/form-data
Cookies:		<none>
Multiparts:		------------
				Content-Disposition: form-data; name = file; filename = dog.jpg
				Content-Type: image/png

				A:\ApiTestingProjects\thecatapi\src\test\resources\images\dog.jpg
Body:			<none>
HTTP/1.1 400 Bad Request
content-type: text/plain; charset=utf-8
X-Cloud-Trace-Context: 4e388ce62367415eafae4a53aeb1105c
Date: Wed, 09 Aug 2023 18:00:01 GMT
Server: Google Frontend
Content-Length: 47

Classifcation failed: correct animal not found.
HTTP/1.1 400 Bad Request
content-type: text/plain; charset=utf-8
X-Cloud-Trace-Context: 4e388ce62367415eafae4a53aeb1105c
Date: Wed, 09 Aug 2023 18:00:01 GMT
Server: Google Frontend
Content-Length: 47

Classifcation failed: correct animal not found.
]]></system-out>
  </testcase>
  <testcase name="TC08_getUploadedImage[org.testng.TestRunner@55183b20](1)" classname="com.thecatapi.imagesapitests.TC_GetUploadedImage" time="0.764">
    <system-out><![CDATA[Request method:	GET
Request URI:	https://api.thecatapi.com/v1/images/
Proxy:			<none>
Request params:	<none>
Query params:	<none>
Form params:	<none>
Path params:	<none>
Headers:		x-api-key=live_8HIFggSSZnGVuSHWbHYz7f3eN7CJEMPJccpPMyhd9PgfGRkyFrRtGiseDQ4ioJmu
				Accept=*/*
				Content-Type=application/json
Cookies:		<none>
Multiparts:		<none>
Body:			<none>
HTTP/1.1 200 OK
x-dns-prefetch-control: off
x-frame-options: SAMEORIGIN
strict-transport-security: max-age=15552000; includeSubDomains
x-download-options: noopen
x-content-type-options: nosniff
x-xss-protection: 1; mode=block
vary: Origin
retry-after-seconds: 41.146
ratelimit-limit: 120
ratelimit-remaining: 114
ratelimit-consumed: 6
ratelimit-reset: 2023-08-09T18:00:42.959Z
expires: Tue, 03 Jul 2001 06:00:00 GMT
last-modified: Wed Aug 09 2023 18:00:01 GMT+0000 (Coordinated Universal Time)
cache-control: post-check=0, pre-check=0
authenticated: true
pagination-count: 16
pagination-page: 0
pagination-limit: 1
access-control-expose-headers: Pagination-Count, Pagination-Page, Pagination-Limit
content-type: application/json; charset=utf-8
x-response-time: 413ms
X-Cloud-Trace-Context: f8abc6a5c75ae5f663e43d7fd455a422
Date: Wed, 09 Aug 2023 18:00:02 GMT
Server: Google Frontend
Content-Length: 227

[
    {
        "breeds": [
            
        ],
        "id": "nkKI3Vm4r",
        "url": "https://cdn2.thecatapi.com/images/nkKI3Vm4r.png",
        "width": 4000,
        "height": 6000,
        "sub_id": "my_cat_upload",
        "created_at": "2023-08-09T17:59:51.000Z",
        "original_filename": "cat.jpg",
        "breed_ids": null
    }
]
HTTP/1.1 200 OK
x-dns-prefetch-control: off
x-frame-options: SAMEORIGIN
strict-transport-security: max-age=15552000; includeSubDomains
x-download-options: noopen
x-content-type-options: nosniff
x-xss-protection: 1; mode=block
vary: Origin
retry-after-seconds: 41.146
ratelimit-limit: 120
ratelimit-remaining: 114
ratelimit-consumed: 6
ratelimit-reset: 2023-08-09T18:00:42.959Z
expires: Tue, 03 Jul 2001 06:00:00 GMT
last-modified: Wed Aug 09 2023 18:00:01 GMT+0000 (Coordinated Universal Time)
cache-control: post-check=0, pre-check=0
authenticated: true
pagination-count: 16
pagination-page: 0
pagination-limit: 1
access-control-expose-headers: Pagination-Count, Pagination-Page, Pagination-Limit
content-type: application/json; charset=utf-8
x-response-time: 413ms
X-Cloud-Trace-Context: f8abc6a5c75ae5f663e43d7fd455a422
Date: Wed, 09 Aug 2023 18:00:02 GMT
Server: Google Frontend
Content-Length: 227

[
    {
        "breeds": [
            
        ],
        "id": "nkKI3Vm4r",
        "url": "https://cdn2.thecatapi.com/images/nkKI3Vm4r.png",
        "width": 4000,
        "height": 6000,
        "sub_id": "my_cat_upload",
        "created_at": "2023-08-09T17:59:51.000Z",
        "original_filename": "cat.jpg",
        "breed_ids": null
    }
]
]]></system-out>
  </testcase>
  <testcase name="TC09_deleteImageById[org.testng.TestRunner@55183b20](1)" classname="com.thecatapi.imagesapitests.TC_DeleteImage" time="0.837">
    <system-out><![CDATA[Request method:	DELETE
Request URI:	https://api.thecatapi.com/v1/images/nkKI3Vm4r
Proxy:			<none>
Request params:	<none>
Query params:	<none>
Form params:	<none>
Path params:	img_id=nkKI3Vm4r
Headers:		x-api-key=live_8HIFggSSZnGVuSHWbHYz7f3eN7CJEMPJccpPMyhd9PgfGRkyFrRtGiseDQ4ioJmu
				Accept=*/*
				Content-Type=application/json
Cookies:		<none>
Multiparts:		<none>
Body:			<none>
HTTP/1.1 204 No Content
x-dns-prefetch-control: off
x-frame-options: SAMEORIGIN
strict-transport-security: max-age=15552000; includeSubDomains
x-download-options: noopen
x-content-type-options: nosniff
x-xss-protection: 1; mode=block
vary: Origin
retry-after-seconds: 40.297
ratelimit-limit: 120
ratelimit-remaining: 113
ratelimit-consumed: 7
ratelimit-reset: 2023-08-09T18:00:42.959Z
x-response-time: 211ms
X-Cloud-Trace-Context: a59be1260a4510965eb5fcdb7d4ea533
Date: Wed, 09 Aug 2023 18:00:02 GMT
Content-Type: text/html
Server: Google Frontend
Content-Length: 0
HTTP/1.1 204 No Content
x-dns-prefetch-control: off
x-frame-options: SAMEORIGIN
strict-transport-security: max-age=15552000; includeSubDomains
x-download-options: noopen
x-content-type-options: nosniff
x-xss-protection: 1; mode=block
vary: Origin
retry-after-seconds: 40.297
ratelimit-limit: 120
ratelimit-remaining: 113
ratelimit-consumed: 7
ratelimit-reset: 2023-08-09T18:00:42.959Z
x-response-time: 211ms
X-Cloud-Trace-Context: a59be1260a4510965eb5fcdb7d4ea533
Date: Wed, 09 Aug 2023 18:00:02 GMT
Content-Type: text/html
Server: Google Frontend
Content-Length: 0
]]></system-out>
  </testcase>
</testsuite>